# JRE version: OpenJDK Runtime Environment Temurin-21.0.7+6 (21.0.7+6) (build 21.0.7+6-LTS)
# Java VM: OpenJDK 64-Bit Server VM Temurin-21.0.7+6 (21.0.7+6-LTS, mixed mode, sharing, tiered, compressed oops, compressed class ptrs, parallel gc, windows-amd64)
GC Precious Log:
 CardTable entry size: 512
 CPUs: 12 total, 12 available
 Memory: 3424M
 Large Page Support: Disabled
 NUMA Support: Disabled
 Compressed Oops: Enabled (32-bit)
 Alignments: Space 512K, Generation 512K, Heap 2M
 Heap Min Capacity: 100M
 Heap Initial Capacity: 100M
 Heap Max Capacity: 2G
 Pre-touch: Disabled
 Parallel Workers: 10
Heap:
 PSYoungGen      total 6656K, used 6633K [0x00000000d5580000, 0x00000000d6180000, 0x0000000100000000)
  eden space 5120K, 100% used [0x00000000d5580000,0x00000000d5a80000,0x00000000d5a80000)
  from space 1536K, 98% used [0x00000000d5a80000,0x00000000d5bfa730,0x00000000d5c00000)
  to   space 3072K, 14% used [0x00000000d5e80000,0x00000000d5eee688,0x00000000d6180000)
 ParOldGen       total 1157120K, used 1157119K [0x0000000080000000, 0x00000000c6a00000, 0x00000000d5580000)
  object space 1157120K, 99% used [0x0000000080000000,0x00000000c69ffda0,0x00000000c6a00000)
 Metaspace       used 70235K, committed 71872K, reserved 1114112K
  class space    used 6980K, committed 7680K, reserved 1048576K
GC Heap History (20 events):
Event: 78.669 GC heap after
{Heap after GC invocations=1365 (full 3):
 PSYoungGen      total 3584K, used 494K [0x00000000d5580000, 0x00000000d5c80000, 0x0000000100000000)
  eden space 3072K, 0% used [0x00000000d5580000,0x00000000d5580000,0x00000000d5880000)
  from space 512K, 96% used [0x00000000d5b80000,0x00000000d5bfb890,0x00000000d5c00000)
  to   space 2048K, 0% used [0x00000000d5880000,0x00000000d5880000,0x00000000d5a80000)
 ParOldGen       total 1148416K, used 1148376K [0x0000000080000000, 0x00000000c6180000, 0x00000000d5580000)
  object space 1148416K, 99% used [0x0000000080000000,0x00000000c6176000,0x00000000c6180000)
 Metaspace       used 70085K, committed 71680K, reserved 1114112K
  class space    used 6948K, committed 7616K, reserved 1048576K
}
Event: 78.694 GC heap before
{Heap before GC invocations=1366 (full 3):
 PSYoungGen      total 3584K, used 3566K [0x00000000d5580000, 0x00000000d5c80000, 0x0000000100000000)
  eden space 3072K, 99% used [0x00000000d5580000,0x00000000d587fff8,0x00000000d5880000)
  from space 512K, 96% used [0x00000000d5b80000,0x00000000d5bfb890,0x00000000d5c00000)
  to   space 2048K, 0% used [0x00000000d5880000,0x00000000d5880000,0x00000000d5a80000)
 ParOldGen       total 1148416K, used 1148413K [0x0000000080000000, 0x00000000c6180000, 0x00000000d5580000)
  object space 1148416K, 99% used [0x0000000080000000,0x00000000c617f450,0x00000000c6180000)
 Metaspace       used 70143K, committed 71744K, reserved 1114112K
  class space    used 6955K, committed 7616K, reserved 1048576K
}
Event: 78.698 GC heap after
{Heap after GC invocations=1366 (full 3):
 PSYoungGen      total 5120K, used 1367K [0x00000000d5580000, 0x00000000d5c00000, 0x0000000100000000)
  eden space 3072K, 0% used [0x00000000d5580000,0x00000000d5580000,0x00000000d5880000)
  from space 2048K, 66% used [0x00000000d5880000,0x00000000d59d5ec8,0x00000000d5a80000)
  to   space 1536K, 0% used [0x00000000d5a80000,0x00000000d5a80000,0x00000000d5c00000)
 ParOldGen       total 1148928K, used 1148822K [0x0000000080000000, 0x00000000c6200000, 0x00000000d5580000)
  object space 1148928K, 99% used [0x0000000080000000,0x00000000c61e5910,0x00000000c6200000)
 Metaspace       used 70143K, committed 71744K, reserved 1114112K
  class space    used 6955K, committed 7616K, reserved 1048576K
}
Event: 78.703 GC heap before
{Heap before GC invocations=1367 (full 3):
 PSYoungGen      total 5120K, used 4439K [0x00000000d5580000, 0x00000000d5c00000, 0x0000000100000000)
  eden space 3072K, 100% used [0x00000000d5580000,0x00000000d5880000,0x00000000d5880000)
  from space 2048K, 66% used [0x00000000d5880000,0x00000000d59d5ec8,0x00000000d5a80000)
  to   space 1536K, 0% used [0x00000000d5a80000,0x00000000d5a80000,0x00000000d5c00000)
 ParOldGen       total 1148928K, used 1148822K [0x0000000080000000, 0x00000000c6200000, 0x00000000d5580000)
  object space 1148928K, 99% used [0x0000000080000000,0x00000000c61e5910,0x00000000c6200000)
 Metaspace       used 70144K, committed 71744K, reserved 1114112K
  class space    used 6955K, committed 7616K, reserved 1048576K
}
Event: 78.707 GC heap after
{Heap after GC invocations=1367 (full 3):
 PSYoungGen      total 4096K, used 840K [0x00000000d5580000, 0x00000000d5b80000, 0x0000000100000000)
  eden space 3072K, 0% used [0x00000000d5580000,0x00000000d5580000,0x00000000d5880000)
  from space 1024K, 82% used [0x00000000d5a80000,0x00000000d5b52290,0x00000000d5b80000)
  to   space 1536K, 0% used [0x00000000d5880000,0x00000000d5880000,0x00000000d5a00000)
 ParOldGen       total 1149952K, used 1149935K [0x0000000080000000, 0x00000000c6300000, 0x00000000d5580000)
  object space 1149952K, 99% used [0x0000000080000000,0x00000000c62fbc08,0x00000000c6300000)
 Metaspace       used 70144K, committed 71744K, reserved 1114112K
  class space    used 6955K, committed 7616K, reserved 1048576K
}
Event: 78.711 GC heap before
{Heap before GC invocations=1368 (full 3):
 PSYoungGen      total 4096K, used 3912K [0x00000000d5580000, 0x00000000d5b80000, 0x0000000100000000)
  eden space 3072K, 100% used [0x00000000d5580000,0x00000000d5880000,0x00000000d5880000)
  from space 1024K, 82% used [0x00000000d5a80000,0x00000000d5b52290,0x00000000d5b80000)
  to   space 1536K, 0% used [0x00000000d5880000,0x00000000d5880000,0x00000000d5a00000)
 ParOldGen       total 1149952K, used 1149935K [0x0000000080000000, 0x00000000c6300000, 0x00000000d5580000)
  object space 1149952K, 99% used [0x0000000080000000,0x00000000c62fbc08,0x00000000c6300000)
 Metaspace       used 70147K, committed 71744K, reserved 1114112K
  class space    used 6955K, committed 7616K, reserved 1048576K
}
Event: 78.714 GC heap after
{Heap after GC invocations=1368 (full 3):
 PSYoungGen      total 4608K, used 544K [0x00000000d5580000, 0x00000000d5b80000, 0x0000000100000000)
  eden space 3072K, 0% used [0x00000000d5580000,0x00000000d5580000,0x00000000d5880000)
  from space 1536K, 35% used [0x00000000d5880000,0x00000000d5908000,0x00000000d5a00000)
  to   space 1024K, 0% used [0x00000000d5a80000,0x00000000d5a80000,0x00000000d5b80000)
 ParOldGen       total 1150976K, used 1150544K [0x0000000080000000, 0x00000000c6400000, 0x00000000d5580000)
  object space 1150976K, 99% used [0x0000000080000000,0x00000000c6394188,0x00000000c6400000)
 Metaspace       used 70147K, committed 71744K, reserved 1114112K
  class space    used 6955K, committed 7616K, reserved 1048576K
}
Event: 78.721 GC heap before
{Heap before GC invocations=1369 (full 3):
 PSYoungGen      total 4608K, used 3616K [0x00000000d5580000, 0x00000000d5b80000, 0x0000000100000000)
  eden space 3072K, 100% used [0x00000000d5580000,0x00000000d5880000,0x00000000d5880000)
  from space 1536K, 35% used [0x00000000d5880000,0x00000000d5908000,0x00000000d5a00000)
  to   space 1024K, 0% used [0x00000000d5a80000,0x00000000d5a80000,0x00000000d5b80000)
 ParOldGen       total 1150976K, used 1150544K [0x0000000080000000, 0x00000000c6400000, 0x00000000d5580000)
  object space 1150976K, 99% used [0x0000000080000000,0x00000000c6394188,0x00000000c6400000)
 Metaspace       used 70150K, committed 71744K, reserved 1114112K
  class space    used 6956K, committed 7616K, reserved 1048576K
}
Event: 78.724 GC heap after
{Heap after GC invocations=1369 (full 3):
 PSYoungGen      total 4096K, used 1005K [0x00000000d5580000, 0x00000000d5d80000, 0x0000000100000000)
  eden space 3072K, 0% used [0x00000000d5580000,0x00000000d5580000,0x00000000d5880000)
  from space 1024K, 98% used [0x00000000d5a80000,0x00000000d5b7b750,0x00000000d5b80000)
  to   space 2048K, 0% used [0x00000000d5880000,0x00000000d5880000,0x00000000d5a80000)
 ParOldGen       total 1151488K, used 1151208K [0x0000000080000000, 0x00000000c6480000, 0x00000000d5580000)
  object space 1151488K, 99% used [0x0000000080000000,0x00000000c643a188,0x00000000c6480000)
 Metaspace       used 70150K, committed 71744K, reserved 1114112K
  class space    used 6956K, committed 7616K, reserved 1048576K
}
Event: 78.729 GC heap before
{Heap before GC invocations=1370 (full 3):
 PSYoungGen      total 4096K, used 4077K [0x00000000d5580000, 0x00000000d5d80000, 0x0000000100000000)
  eden space 3072K, 100% used [0x00000000d5580000,0x00000000d5880000,0x00000000d5880000)
  from space 1024K, 98% used [0x00000000d5a80000,0x00000000d5b7b750,0x00000000d5b80000)
  to   space 2048K, 0% used [0x00000000d5880000,0x00000000d5880000,0x00000000d5a80000)
 ParOldGen       total 1151488K, used 1151208K [0x0000000080000000, 0x00000000c6480000, 0x00000000d5580000)
  object space 1151488K, 99% used [0x0000000080000000,0x00000000c643a188,0x00000000c6480000)
 Metaspace       used 70152K, committed 71744K, reserved 1114112K
  class space    used 6957K, committed 7616K, reserved 1048576K
}
Event: 78.732 GC heap after
{Heap after GC invocations=1370 (full 3):
 PSYoungGen      total 5120K, used 888K [0x00000000d5580000, 0x00000000d5c80000, 0x0000000100000000)
  eden space 3072K, 0% used [0x00000000d5580000,0x00000000d5580000,0x00000000d5880000)
  from space 2048K, 43% used [0x00000000d5880000,0x00000000d595e018,0x00000000d5a80000)
  to   space 1536K, 0% used [0x00000000d5b00000,0x00000000d5b00000,0x00000000d5c80000)
 ParOldGen       total 1152512K, used 1152198K [0x0000000080000000, 0x00000000c6580000, 0x00000000d5580000)
  object space 1152512K, 99% used [0x0000000080000000,0x00000000c6531890,0x00000000c6580000)
 Metaspace       used 70152K, committed 71744K, reserved 1114112K
  class space    used 6957K, committed 7616K, reserved 1048576K
}
Event: 78.740 GC heap before
{Heap before GC invocations=1371 (full 3):
 PSYoungGen      total 5120K, used 3960K [0x00000000d5580000, 0x00000000d5c80000, 0x0000000100000000)
  eden space 3072K, 100% used [0x00000000d5580000,0x00000000d5880000,0x00000000d5880000)
  from space 2048K, 43% used [0x00000000d5880000,0x00000000d595e018,0x00000000d5a80000)
  to   space 1536K, 0% used [0x00000000d5b00000,0x00000000d5b00000,0x00000000d5c80000)
 ParOldGen       total 1152512K, used 1152198K [0x0000000080000000, 0x00000000c6580000, 0x00000000d5580000)
  object space 1152512K, 99% used [0x0000000080000000,0x00000000c6531890,0x00000000c6580000)
 Metaspace       used 70159K, committed 71744K, reserved 1114112K
  class space    used 6957K, committed 7616K, reserved 1048576K
}
Event: 78.743 GC heap after
{Heap after GC invocations=1371 (full 3):
 PSYoungGen      total 5632K, used 1319K [0x00000000d5580000, 0x00000000d5c80000, 0x0000000100000000)
  eden space 4096K, 0% used [0x00000000d5580000,0x00000000d5580000,0x00000000d5980000)
  from space 1536K, 85% used [0x00000000d5b00000,0x00000000d5c49fb8,0x00000000d5c80000)
  to   space 1536K, 0% used [0x00000000d5980000,0x00000000d5980000,0x00000000d5b00000)
 ParOldGen       total 1153024K, used 1152888K [0x0000000080000000, 0x00000000c6600000, 0x00000000d5580000)
  object space 1153024K, 99% used [0x0000000080000000,0x00000000c65de2b8,0x00000000c6600000)
 Metaspace       used 70159K, committed 71744K, reserved 1114112K
  class space    used 6957K, committed 7616K, reserved 1048576K
}
Event: 78.765 GC heap before
{Heap before GC invocations=1372 (full 3):
 PSYoungGen      total 5632K, used 5408K [0x00000000d5580000, 0x00000000d5c80000, 0x0000000100000000)
  eden space 4096K, 99% used [0x00000000d5580000,0x00000000d597e2c0,0x00000000d5980000)
  from space 1536K, 85% used [0x00000000d5b00000,0x00000000d5c49fb8,0x00000000d5c80000)
  to   space 1536K, 0% used [0x00000000d5980000,0x00000000d5980000,0x00000000d5b00000)
 ParOldGen       total 1153024K, used 1152888K [0x0000000080000000, 0x00000000c6600000, 0x00000000d5580000)
  object space 1153024K, 99% used [0x0000000080000000,0x00000000c65de2b8,0x00000000c6600000)
 Metaspace       used 70161K, committed 71744K, reserved 1114112K
  class space    used 6957K, committed 7616K, reserved 1048576K
}
Event: 78.769 GC heap after
{Heap after GC invocations=1372 (full 3):
 PSYoungGen      total 5632K, used 1284K [0x00000000d5580000, 0x00000000d5d80000, 0x0000000100000000)
  eden space 4096K, 0% used [0x00000000d5580000,0x00000000d5580000,0x00000000d5980000)
  from space 1536K, 83% used [0x00000000d5980000,0x00000000d5ac1048,0x00000000d5b00000)
  to   space 1536K, 0% used [0x00000000d5c00000,0x00000000d5c00000,0x00000000d5d80000)
 ParOldGen       total 1154560K, used 1154070K [0x0000000080000000, 0x00000000c6780000, 0x00000000d5580000)
  object space 1154560K, 99% used [0x0000000080000000,0x00000000c6705ad8,0x00000000c6780000)
 Metaspace       used 70161K, committed 71744K, reserved 1114112K
  class space    used 6957K, committed 7616K, reserved 1048576K
}
Event: 78.788 GC heap before
{Heap before GC invocations=1373 (full 3):
 PSYoungGen      total 5632K, used 5365K [0x00000000d5580000, 0x00000000d5d80000, 0x0000000100000000)
  eden space 4096K, 99% used [0x00000000d5580000,0x00000000d597c720,0x00000000d5980000)
  from space 1536K, 83% used [0x00000000d5980000,0x00000000d5ac1048,0x00000000d5b00000)
  to   space 1536K, 0% used [0x00000000d5c00000,0x00000000d5c00000,0x00000000d5d80000)
 ParOldGen       total 1154560K, used 1154070K [0x0000000080000000, 0x00000000c6780000, 0x00000000d5580000)
  object space 1154560K, 99% used [0x0000000080000000,0x00000000c6705ad8,0x00000000c6780000)
 Metaspace       used 70161K, committed 71744K, reserved 1114112K
  class space    used 6957K, committed 7616K, reserved 1048576K
}
Event: 78.792 GC heap after
{Heap after GC invocations=1373 (full 3):
 PSYoungGen      total 6656K, used 1237K [0x00000000d5580000, 0x00000000d5d80000, 0x0000000100000000)
  eden space 5120K, 0% used [0x00000000d5580000,0x00000000d5580000,0x00000000d5a80000)
  from space 1536K, 80% used [0x00000000d5c00000,0x00000000d5d357a0,0x00000000d5d80000)
  to   space 1536K, 0% used [0x00000000d5a80000,0x00000000d5a80000,0x00000000d5c00000)
 ParOldGen       total 1155584K, used 1155207K [0x0000000080000000, 0x00000000c6880000, 0x00000000d5580000)
  object space 1155584K, 99% used [0x0000000080000000,0x00000000c6821d68,0x00000000c6880000)
 Metaspace       used 70161K, committed 71744K, reserved 1114112K
  class space    used 6957K, committed 7616K, reserved 1048576K
}
Event: 78.821 GC heap before
{Heap before GC invocations=1374 (full 3):
 PSYoungGen      total 6656K, used 6289K [0x00000000d5580000, 0x00000000d5d80000, 0x0000000100000000)
  eden space 5120K, 98% used [0x00000000d5580000,0x00000000d5a6ee08,0x00000000d5a80000)
  from space 1536K, 80% used [0x00000000d5c00000,0x00000000d5d357a0,0x00000000d5d80000)
  to   space 1536K, 0% used [0x00000000d5a80000,0x00000000d5a80000,0x00000000d5c00000)
 ParOldGen       total 1155584K, used 1155207K [0x0000000080000000, 0x00000000c6880000, 0x00000000d5580000)
  object space 1155584K, 99% used [0x0000000080000000,0x00000000c6821d68,0x00000000c6880000)
 Metaspace       used 70161K, committed 71744K, reserved 1114112K
  class space    used 6957K, committed 7616K, reserved 1048576K
}
Event: 78.826 GC heap after
{Heap after GC invocations=1374 (full 3):
 PSYoungGen      total 6656K, used 1513K [0x00000000d5580000, 0x00000000d6180000, 0x0000000100000000)
  eden space 5120K, 0% used [0x00000000d5580000,0x00000000d5580000,0x00000000d5a80000)
  from space 1536K, 98% used [0x00000000d5a80000,0x00000000d5bfa730,0x00000000d5c00000)
  to   space 3072K, 0% used [0x00000000d5e80000,0x00000000d5e80000,0x00000000d6180000)
 ParOldGen       total 1156608K, used 1156203K [0x0000000080000000, 0x00000000c6980000, 0x00000000d5580000)
  object space 1156608K, 99% used [0x0000000080000000,0x00000000c691ac48,0x00000000c6980000)
 Metaspace       used 70161K, committed 71744K, reserved 1114112K
  class space    used 6957K, committed 7616K, reserved 1048576K
}
Event: 79.016 GC heap before
{Heap before GC invocations=1375 (full 3):
 PSYoungGen      total 6656K, used 6633K [0x00000000d5580000, 0x00000000d6180000, 0x0000000100000000)
  eden space 5120K, 100% used [0x00000000d5580000,0x00000000d5a80000,0x00000000d5a80000)
  from space 1536K, 98% used [0x00000000d5a80000,0x00000000d5bfa730,0x00000000d5c00000)
  to   space 3072K, 0% used [0x00000000d5e80000,0x00000000d5e80000,0x00000000d6180000)
 ParOldGen       total 1156608K, used 1156203K [0x0000000080000000, 0x00000000c6980000, 0x00000000d5580000)
  object space 1156608K, 99% used [0x0000000080000000,0x00000000c691ac48,0x00000000c6980000)
 Metaspace       used 70235K, committed 71872K, reserved 1114112K
  class space    used 6980K, committed 7680K, reserved 1048576K
}

