# JRE version: OpenJDK Runtime Environment Temurin-21.0.7+6 (21.0.7+6) (build 21.0.7+6-LTS)
# Java VM: OpenJDK 64-Bit Server VM Temurin-21.0.7+6 (21.0.7+6-LTS, mixed mode, sharing, tiered, compressed oops, compressed class ptrs, parallel gc, windows-amd64)
GC Precious Log:
 CardTable entry size: 512
 CPUs: 12 total, 12 available
 Memory: 3424M
 Large Page Support: Disabled
 NUMA Support: Disabled
 Compressed Oops: Enabled (32-bit)
 Alignments: Space 512K, Generation 512K, Heap 2M
 Heap Min Capacity: 100M
 Heap Initial Capacity: 100M
 Heap Max Capacity: 2G
 Pre-touch: Disabled
 Parallel Workers: 10
Heap:
 PSYoungGen      total 13312K, used 11183K [0x00000000d5580000, 0x00000000d6900000, 0x0000000100000000)
  eden space 11776K, 84% used [0x00000000d5580000,0x00000000d5f32d28,0x00000000d6100000)
  from space 1536K, 81% used [0x00000000d6780000,0x00000000d68b9250,0x00000000d6900000)
  to   space 1536K, 0% used [0x00000000d6600000,0x00000000d6600000,0x00000000d6780000)
 ParOldGen       total 985088K, used 984662K [0x0000000080000000, 0x00000000bc200000, 0x00000000d5580000)
  object space 985088K, 99% used [0x0000000080000000,0x00000000bc195820,0x00000000bc200000)
 Metaspace       used 80017K, committed 81920K, reserved 1179648K
  class space    used 7863K, committed 8704K, reserved 1048576K
GC Heap History (20 events):
Event: 1515.684 GC heap before
{Heap before GC invocations=1990 (full 4):
 PSYoungGen      total 11776K, used 11776K [0x00000000d5580000, 0x00000000d6b80000, 0x0000000100000000)
  eden space 10240K, 100% used [0x00000000d5580000,0x00000000d5f80000,0x00000000d5f80000)
  from space 1536K, 100% used [0x00000000d6a00000,0x00000000d6b80000,0x00000000d6b80000)
  to   space 2048K, 0% used [0x00000000d6780000,0x00000000d6780000,0x00000000d6980000)
 ParOldGen       total 980480K, used 980220K [0x0000000080000000, 0x00000000bbd80000, 0x00000000d5580000)
  object space 980480K, 99% used [0x0000000080000000,0x00000000bbd3f170,0x00000000bbd80000)
 Metaspace       used 79945K, committed 81856K, reserved 1179648K
  class space    used 7861K, committed 8704K, reserved 1048576K
}
Event: 1515.687 GC heap after
{Heap after GC invocations=1990 (full 4):
 PSYoungGen      total 12288K, used 640K [0x00000000d5580000, 0x00000000d6a80000, 0x0000000100000000)
  eden space 10240K, 0% used [0x00000000d5580000,0x00000000d5580000,0x00000000d5f80000)
  from space 2048K, 31% used [0x00000000d6780000,0x00000000d6820000,0x00000000d6980000)
  to   space 1024K, 0% used [0x00000000d6980000,0x00000000d6980000,0x00000000d6a80000)
 ParOldGen       total 982016K, used 981724K [0x0000000080000000, 0x00000000bbf00000, 0x00000000d5580000)
  object space 982016K, 99% used [0x0000000080000000,0x00000000bbeb7170,0x00000000bbf00000)
 Metaspace       used 79945K, committed 81856K, reserved 1179648K
  class space    used 7861K, committed 8704K, reserved 1048576K
}
Event: 1515.731 GC heap before
{Heap before GC invocations=1991 (full 4):
 PSYoungGen      total 12288K, used 10880K [0x00000000d5580000, 0x00000000d6a80000, 0x0000000100000000)
  eden space 10240K, 100% used [0x00000000d5580000,0x00000000d5f80000,0x00000000d5f80000)
  from space 2048K, 31% used [0x00000000d6780000,0x00000000d6820000,0x00000000d6980000)
  to   space 1024K, 0% used [0x00000000d6980000,0x00000000d6980000,0x00000000d6a80000)
 ParOldGen       total 982016K, used 981724K [0x0000000080000000, 0x00000000bbf00000, 0x00000000d5580000)
  object space 982016K, 99% used [0x0000000080000000,0x00000000bbeb7170,0x00000000bbf00000)
 Metaspace       used 79945K, committed 81856K, reserved 1179648K
  class space    used 7861K, committed 8704K, reserved 1048576K
}
Event: 1515.734 GC heap after
{Heap after GC invocations=1991 (full 4):
 PSYoungGen      total 11264K, used 896K [0x00000000d5580000, 0x00000000d6a80000, 0x0000000100000000)
  eden space 10240K, 0% used [0x00000000d5580000,0x00000000d5580000,0x00000000d5f80000)
  from space 1024K, 87% used [0x00000000d6980000,0x00000000d6a60000,0x00000000d6a80000)
  to   space 1024K, 0% used [0x00000000d6880000,0x00000000d6880000,0x00000000d6980000)
 ParOldGen       total 982016K, used 981724K [0x0000000080000000, 0x00000000bbf00000, 0x00000000d5580000)
  object space 982016K, 99% used [0x0000000080000000,0x00000000bbeb7170,0x00000000bbf00000)
 Metaspace       used 79945K, committed 81856K, reserved 1179648K
  class space    used 7861K, committed 8704K, reserved 1048576K
}
Event: 1515.786 GC heap before
{Heap before GC invocations=1992 (full 4):
 PSYoungGen      total 11264K, used 11136K [0x00000000d5580000, 0x00000000d6a80000, 0x0000000100000000)
  eden space 10240K, 100% used [0x00000000d5580000,0x00000000d5f80000,0x00000000d5f80000)
  from space 1024K, 87% used [0x00000000d6980000,0x00000000d6a60000,0x00000000d6a80000)
  to   space 1024K, 0% used [0x00000000d6880000,0x00000000d6880000,0x00000000d6980000)
 ParOldGen       total 982016K, used 981724K [0x0000000080000000, 0x00000000bbf00000, 0x00000000d5580000)
  object space 982016K, 99% used [0x0000000080000000,0x00000000bbeb7170,0x00000000bbf00000)
 Metaspace       used 79945K, committed 81856K, reserved 1179648K
  class space    used 7861K, committed 8704K, reserved 1048576K
}
Event: 1515.789 GC heap after
{Heap after GC invocations=1992 (full 4):
 PSYoungGen      total 11264K, used 1024K [0x00000000d5580000, 0x00000000d6a00000, 0x0000000100000000)
  eden space 10240K, 0% used [0x00000000d5580000,0x00000000d5580000,0x00000000d5f80000)
  from space 1024K, 100% used [0x00000000d6880000,0x00000000d6980000,0x00000000d6980000)
  to   space 512K, 0% used [0x00000000d6980000,0x00000000d6980000,0x00000000d6a00000)
 ParOldGen       total 982528K, used 982252K [0x0000000080000000, 0x00000000bbf80000, 0x00000000d5580000)
  object space 982528K, 99% used [0x0000000080000000,0x00000000bbf3b170,0x00000000bbf80000)
 Metaspace       used 79945K, committed 81856K, reserved 1179648K
  class space    used 7861K, committed 8704K, reserved 1048576K
}
Event: 1515.838 GC heap before
{Heap before GC invocations=1993 (full 4):
 PSYoungGen      total 11264K, used 11264K [0x00000000d5580000, 0x00000000d6a00000, 0x0000000100000000)
  eden space 10240K, 100% used [0x00000000d5580000,0x00000000d5f80000,0x00000000d5f80000)
  from space 1024K, 100% used [0x00000000d6880000,0x00000000d6980000,0x00000000d6980000)
  to   space 512K, 0% used [0x00000000d6980000,0x00000000d6980000,0x00000000d6a00000)
 ParOldGen       total 982528K, used 982252K [0x0000000080000000, 0x00000000bbf80000, 0x00000000d5580000)
  object space 982528K, 99% used [0x0000000080000000,0x00000000bbf3b170,0x00000000bbf80000)
 Metaspace       used 79973K, committed 81856K, reserved 1179648K
  class space    used 7861K, committed 8704K, reserved 1048576K
}
Event: 1515.842 GC heap after
{Heap after GC invocations=1993 (full 4):
 PSYoungGen      total 10752K, used 512K [0x00000000d5580000, 0x00000000d6a00000, 0x0000000100000000)
  eden space 10240K, 0% used [0x00000000d5580000,0x00000000d5580000,0x00000000d5f80000)
  from space 512K, 100% used [0x00000000d6980000,0x00000000d6a00000,0x00000000d6a00000)
  to   space 1536K, 0% used [0x00000000d6700000,0x00000000d6700000,0x00000000d6880000)
 ParOldGen       total 983040K, used 983016K [0x0000000080000000, 0x00000000bc000000, 0x00000000d5580000)
  object space 983040K, 99% used [0x0000000080000000,0x00000000bbffa3f0,0x00000000bc000000)
 Metaspace       used 79973K, committed 81856K, reserved 1179648K
  class space    used 7861K, committed 8704K, reserved 1048576K
}
Event: 1521.316 GC heap before
{Heap before GC invocations=1994 (full 4):
 PSYoungGen      total 10752K, used 10752K [0x00000000d5580000, 0x00000000d6a00000, 0x0000000100000000)
  eden space 10240K, 100% used [0x00000000d5580000,0x00000000d5f80000,0x00000000d5f80000)
  from space 512K, 100% used [0x00000000d6980000,0x00000000d6a00000,0x00000000d6a00000)
  to   space 1536K, 0% used [0x00000000d6700000,0x00000000d6700000,0x00000000d6880000)
 ParOldGen       total 983040K, used 983016K [0x0000000080000000, 0x00000000bc000000, 0x00000000d5580000)
  object space 983040K, 99% used [0x0000000080000000,0x00000000bbffa3f0,0x00000000bc000000)
 Metaspace       used 79995K, committed 81920K, reserved 1179648K
  class space    used 7862K, committed 8704K, reserved 1048576K
}
Event: 1521.320 GC heap after
{Heap after GC invocations=1994 (full 4):
 PSYoungGen      total 11776K, used 1028K [0x00000000d5580000, 0x00000000d6a00000, 0x0000000100000000)
  eden space 10240K, 0% used [0x00000000d5580000,0x00000000d5580000,0x00000000d5f80000)
  from space 1536K, 66% used [0x00000000d6700000,0x00000000d6801210,0x00000000d6880000)
  to   space 1536K, 0% used [0x00000000d6880000,0x00000000d6880000,0x00000000d6a00000)
 ParOldGen       total 984064K, used 983584K [0x0000000080000000, 0x00000000bc100000, 0x00000000d5580000)
  object space 984064K, 99% used [0x0000000080000000,0x00000000bc0883f0,0x00000000bc100000)
 Metaspace       used 79995K, committed 81920K, reserved 1179648K
  class space    used 7862K, committed 8704K, reserved 1048576K
}
Event: 1522.985 GC heap before
{Heap before GC invocations=1995 (full 4):
 PSYoungGen      total 11776K, used 11268K [0x00000000d5580000, 0x00000000d6a00000, 0x0000000100000000)
  eden space 10240K, 100% used [0x00000000d5580000,0x00000000d5f80000,0x00000000d5f80000)
  from space 1536K, 66% used [0x00000000d6700000,0x00000000d6801210,0x00000000d6880000)
  to   space 1536K, 0% used [0x00000000d6880000,0x00000000d6880000,0x00000000d6a00000)
 ParOldGen       total 984064K, used 983584K [0x0000000080000000, 0x00000000bc100000, 0x00000000d5580000)
  object space 984064K, 99% used [0x0000000080000000,0x00000000bc0883f0,0x00000000bc100000)
 Metaspace       used 80001K, committed 81920K, reserved 1179648K
  class space    used 7862K, committed 8704K, reserved 1048576K
}
Event: 1522.988 GC heap after
{Heap after GC invocations=1995 (full 4):
 PSYoungGen      total 11776K, used 1188K [0x00000000d5580000, 0x00000000d6a00000, 0x0000000100000000)
  eden space 10240K, 0% used [0x00000000d5580000,0x00000000d5580000,0x00000000d5f80000)
  from space 1536K, 77% used [0x00000000d6880000,0x00000000d69a9210,0x00000000d6a00000)
  to   space 1536K, 0% used [0x00000000d6700000,0x00000000d6700000,0x00000000d6880000)
 ParOldGen       total 984064K, used 983584K [0x0000000080000000, 0x00000000bc100000, 0x00000000d5580000)
  object space 984064K, 99% used [0x0000000080000000,0x00000000bc0883f0,0x00000000bc100000)
 Metaspace       used 80001K, committed 81920K, reserved 1179648K
  class space    used 7862K, committed 8704K, reserved 1048576K
}
Event: 1523.018 GC heap before
{Heap before GC invocations=1996 (full 4):
 PSYoungGen      total 11776K, used 11428K [0x00000000d5580000, 0x00000000d6a00000, 0x0000000100000000)
  eden space 10240K, 100% used [0x00000000d5580000,0x00000000d5f80000,0x00000000d5f80000)
  from space 1536K, 77% used [0x00000000d6880000,0x00000000d69a9210,0x00000000d6a00000)
  to   space 1536K, 0% used [0x00000000d6700000,0x00000000d6700000,0x00000000d6880000)
 ParOldGen       total 984064K, used 983584K [0x0000000080000000, 0x00000000bc100000, 0x00000000d5580000)
  object space 984064K, 99% used [0x0000000080000000,0x00000000bc0883f0,0x00000000bc100000)
 Metaspace       used 80002K, committed 81920K, reserved 1179648K
  class space    used 7862K, committed 8704K, reserved 1048576K
}
Event: 1523.021 GC heap after
{Heap after GC invocations=1996 (full 4):
 PSYoungGen      total 11776K, used 1465K [0x00000000d5580000, 0x00000000d6900000, 0x0000000100000000)
  eden space 10240K, 0% used [0x00000000d5580000,0x00000000d5580000,0x00000000d5f80000)
  from space 1536K, 95% used [0x00000000d6700000,0x00000000d686e410,0x00000000d6880000)
  to   space 512K, 0% used [0x00000000d6880000,0x00000000d6880000,0x00000000d6900000)
 ParOldGen       total 984064K, used 983584K [0x0000000080000000, 0x00000000bc100000, 0x00000000d5580000)
  object space 984064K, 99% used [0x0000000080000000,0x00000000bc0883f0,0x00000000bc100000)
 Metaspace       used 80002K, committed 81920K, reserved 1179648K
  class space    used 7862K, committed 8704K, reserved 1048576K
}
Event: 1523.034 GC heap before
{Heap before GC invocations=1997 (full 4):
 PSYoungGen      total 11776K, used 11705K [0x00000000d5580000, 0x00000000d6900000, 0x0000000100000000)
  eden space 10240K, 100% used [0x00000000d5580000,0x00000000d5f80000,0x00000000d5f80000)
  from space 1536K, 95% used [0x00000000d6700000,0x00000000d686e410,0x00000000d6880000)
  to   space 512K, 0% used [0x00000000d6880000,0x00000000d6880000,0x00000000d6900000)
 ParOldGen       total 984064K, used 983584K [0x0000000080000000, 0x00000000bc100000, 0x00000000d5580000)
  object space 984064K, 99% used [0x0000000080000000,0x00000000bc0883f0,0x00000000bc100000)
 Metaspace       used 80002K, committed 81920K, reserved 1179648K
  class space    used 7862K, committed 8704K, reserved 1048576K
}
Event: 1523.036 GC heap after
{Heap after GC invocations=1997 (full 4):
 PSYoungGen      total 10752K, used 500K [0x00000000d5580000, 0x00000000d6900000, 0x0000000100000000)
  eden space 10240K, 0% used [0x00000000d5580000,0x00000000d5580000,0x00000000d5f80000)
  from space 512K, 97% used [0x00000000d6880000,0x00000000d68fd200,0x00000000d6900000)
  to   space 1536K, 0% used [0x00000000d6600000,0x00000000d6600000,0x00000000d6780000)
 ParOldGen       total 984576K, used 984145K [0x0000000080000000, 0x00000000bc180000, 0x00000000d5580000)
  object space 984576K, 99% used [0x0000000080000000,0x00000000bc114620,0x00000000bc180000)
 Metaspace       used 80002K, committed 81920K, reserved 1179648K
  class space    used 7862K, committed 8704K, reserved 1048576K
}
Event: 1523.255 GC heap before
{Heap before GC invocations=1998 (full 4):
 PSYoungGen      total 10752K, used 10740K [0x00000000d5580000, 0x00000000d6900000, 0x0000000100000000)
  eden space 10240K, 100% used [0x00000000d5580000,0x00000000d5f80000,0x00000000d5f80000)
  from space 512K, 97% used [0x00000000d6880000,0x00000000d68fd200,0x00000000d6900000)
  to   space 1536K, 0% used [0x00000000d6600000,0x00000000d6600000,0x00000000d6780000)
 ParOldGen       total 984576K, used 984145K [0x0000000080000000, 0x00000000bc180000, 0x00000000d5580000)
  object space 984576K, 99% used [0x0000000080000000,0x00000000bc114620,0x00000000bc180000)
 Metaspace       used 80006K, committed 81920K, reserved 1179648K
  class space    used 7862K, committed 8704K, reserved 1048576K
}
Event: 1523.258 GC heap after
{Heap after GC invocations=1998 (full 4):
 PSYoungGen      total 11776K, used 1162K [0x00000000d5580000, 0x00000000d6900000, 0x0000000100000000)
  eden space 10240K, 0% used [0x00000000d5580000,0x00000000d5580000,0x00000000d5f80000)
  from space 1536K, 75% used [0x00000000d6600000,0x00000000d6722930,0x00000000d6780000)
  to   space 1536K, 0% used [0x00000000d6780000,0x00000000d6780000,0x00000000d6900000)
 ParOldGen       total 985088K, used 984662K [0x0000000080000000, 0x00000000bc200000, 0x00000000d5580000)
  object space 985088K, 99% used [0x0000000080000000,0x00000000bc195820,0x00000000bc200000)
 Metaspace       used 80006K, committed 81920K, reserved 1179648K
  class space    used 7862K, committed 8704K, reserved 1048576K
}
Event: 1523.333 GC heap before
{Heap before GC invocations=1999 (full 4):
 PSYoungGen      total 11776K, used 11402K [0x00000000d5580000, 0x00000000d6900000, 0x0000000100000000)
  eden space 10240K, 100% used [0x00000000d5580000,0x00000000d5f80000,0x00000000d5f80000)
  from space 1536K, 75% used [0x00000000d6600000,0x00000000d6722930,0x00000000d6780000)
  to   space 1536K, 0% used [0x00000000d6780000,0x00000000d6780000,0x00000000d6900000)
 ParOldGen       total 985088K, used 984662K [0x0000000080000000, 0x00000000bc200000, 0x00000000d5580000)
  object space 985088K, 99% used [0x0000000080000000,0x00000000bc195820,0x00000000bc200000)
 Metaspace       used 80006K, committed 81920K, reserved 1179648K
  class space    used 7862K, committed 8704K, reserved 1048576K
}
Event: 1525.454 GC heap after
{Heap after GC invocations=1999 (full 4):
 PSYoungGen      total 13312K, used 1252K [0x00000000d5580000, 0x00000000d6900000, 0x0000000100000000)
  eden space 11776K, 0% used [0x00000000d5580000,0x00000000d5580000,0x00000000d6100000)
  from space 1536K, 81% used [0x00000000d6780000,0x00000000d68b9250,0x00000000d6900000)
  to   space 1536K, 0% used [0x00000000d6600000,0x00000000d6600000,0x00000000d6780000)
 ParOldGen       total 985088K, used 984662K [0x0000000080000000, 0x00000000bc200000, 0x00000000d5580000)
  object space 985088K, 99% used [0x0000000080000000,0x00000000bc195820,0x00000000bc200000)
 Metaspace       used 80006K, committed 81920K, reserved 1179648K
  class space    used 7862K, committed 8704K, reserved 1048576K
}

