# JRE version: OpenJDK Runtime Environment (24.0.1+9) (build 24.0.1+9-30)
# Java VM: OpenJDK 64-Bit Server VM (24.0.1+9-30, mixed mode, sharing, tiered, compressed oops, compressed class ptrs, g1 gc, windows-amd64)
GC Precious Log:
 CardTable entry size: 512
 Card Set container configuration: InlinePtr #cards 5 size 8 Array Of Cards #cards 10 size 36 Howl #buckets 4 coarsen threshold 1843 Howl Bitmap #cards 512 size 80 coarsen threshold 460 Card regions per heap region 1 cards per card region 2048
 CPUs: 12 total, 12 available
 Memory: 3424M
 Large Page Support: Disabled
 NUMA Support: Disabled
 Compressed Oops: Enabled (32-bit)
 Heap Region Size: 1M
 Heap Min Capacity: 8M
 Heap Initial Capacity: 54M
 Heap Max Capacity: 858M
 Pre-touch: Disabled
 Parallel Workers: 10
 Concurrent Workers: 3
 Concurrent Refinement Workers: 10
 Periodic GC: Disabled
Heap:
 garbage-first heap   total reserved 878592K, committed 133120K, used 98017K [0x00000000ca600000, 0x0000000100000000)
  region size 1024K, 31 young (31744K), 2 survivors (2048K)
 Metaspace       used 39269K, committed 39680K, reserved 1114112K
  class space    used 3805K, committed 3968K, reserved 1048576K
GC Heap History (20 events):
Event: 7.988 GC heap before
{Heap before GC invocations=11 (full 0):
 garbage-first heap   total reserved 878592K, committed 69632K, used 61140K [0x00000000ca600000, 0x0000000100000000)
  region size 1024K, 37 young (37888K), 5 survivors (5120K)
 Metaspace       used 33614K, committed 33984K, reserved 1114112K
  class space    used 3291K, committed 3456K, reserved 1048576K
}
Event: 7.999 GC heap after
{Heap after GC invocations=12 (full 0):
 garbage-first heap   total reserved 878592K, committed 76800K, used 35840K [0x00000000ca600000, 0x0000000100000000)
  region size 1024K, 5 young (5120K), 5 survivors (5120K)
 Metaspace       used 33614K, committed 33984K, reserved 1114112K
  class space    used 3291K, committed 3456K, reserved 1048576K
}
Event: 8.286 GC heap before
{Heap before GC invocations=12 (full 0):
 garbage-first heap   total reserved 878592K, committed 76800K, used 63488K [0x00000000ca600000, 0x0000000100000000)
  region size 1024K, 31 young (31744K), 5 survivors (5120K)
 Metaspace       used 33654K, committed 34048K, reserved 1114112K
  class space    used 3291K, committed 3456K, reserved 1048576K
}
Event: 8.297 GC heap after
{Heap after GC invocations=13 (full 0):
 garbage-first heap   total reserved 878592K, committed 76800K, used 45056K [0x00000000ca600000, 0x0000000100000000)
  region size 1024K, 4 young (4096K), 4 survivors (4096K)
 Metaspace       used 33654K, committed 34048K, reserved 1114112K
  class space    used 3291K, committed 3456K, reserved 1048576K
}
Event: 8.409 GC heap before
{Heap before GC invocations=13 (full 0):
 garbage-first heap   total reserved 878592K, committed 76800K, used 63488K [0x00000000ca600000, 0x0000000100000000)
  region size 1024K, 22 young (22528K), 4 survivors (4096K)
 Metaspace       used 33839K, committed 34176K, reserved 1114112K
  class space    used 3315K, committed 3456K, reserved 1048576K
}
Event: 8.415 GC heap after
{Heap after GC invocations=14 (full 0):
 garbage-first heap   total reserved 878592K, committed 76800K, used 50176K [0x00000000ca600000, 0x0000000100000000)
  region size 1024K, 3 young (3072K), 3 survivors (3072K)
 Metaspace       used 33839K, committed 34176K, reserved 1114112K
  class space    used 3315K, committed 3456K, reserved 1048576K
}
Event: 8.537 GC heap before
{Heap before GC invocations=15 (full 0):
 garbage-first heap   total reserved 878592K, committed 83968K, used 64512K [0x00000000ca600000, 0x0000000100000000)
  region size 1024K, 17 young (17408K), 3 survivors (3072K)
 Metaspace       used 34141K, committed 34560K, reserved 1114112K
  class space    used 3344K, committed 3520K, reserved 1048576K
}
Event: 8.544 GC heap after
{Heap after GC invocations=16 (full 0):
 garbage-first heap   total reserved 878592K, committed 83968K, used 53256K [0x00000000ca600000, 0x0000000100000000)
  region size 1024K, 3 young (3072K), 3 survivors (3072K)
 Metaspace       used 34141K, committed 34560K, reserved 1114112K
  class space    used 3344K, committed 3520K, reserved 1048576K
}
Event: 8.784 GC heap before
{Heap before GC invocations=16 (full 0):
 garbage-first heap   total reserved 878592K, committed 83968K, used 70664K [0x00000000ca600000, 0x0000000100000000)
  region size 1024K, 20 young (20480K), 3 survivors (3072K)
 Metaspace       used 35565K, committed 35968K, reserved 1114112K
  class space    used 3521K, committed 3648K, reserved 1048576K
}
Event: 8.794 GC heap after
{Heap after GC invocations=17 (full 0):
 garbage-first heap   total reserved 878592K, committed 83968K, used 54892K [0x00000000ca600000, 0x0000000100000000)
  region size 1024K, 3 young (3072K), 3 survivors (3072K)
 Metaspace       used 35565K, committed 35968K, reserved 1114112K
  class space    used 3521K, committed 3648K, reserved 1048576K
}
Event: 9.010 GC heap before
{Heap before GC invocations=17 (full 0):
 garbage-first heap   total reserved 878592K, committed 83968K, used 68204K [0x00000000ca600000, 0x0000000100000000)
  region size 1024K, 17 young (17408K), 3 survivors (3072K)
 Metaspace       used 35988K, committed 36352K, reserved 1114112K
  class space    used 3572K, committed 3712K, reserved 1048576K
}
Event: 9.017 GC heap after
{Heap after GC invocations=18 (full 0):
 garbage-first heap   total reserved 878592K, committed 83968K, used 56448K [0x00000000ca600000, 0x0000000100000000)
  region size 1024K, 3 young (3072K), 3 survivors (3072K)
 Metaspace       used 35988K, committed 36352K, reserved 1114112K
  class space    used 3572K, committed 3712K, reserved 1048576K
}
Event: 9.199 GC heap before
{Heap before GC invocations=19 (full 0):
 garbage-first heap   total reserved 878592K, committed 97280K, used 74880K [0x00000000ca600000, 0x0000000100000000)
  region size 1024K, 19 young (19456K), 3 survivors (3072K)
 Metaspace       used 36013K, committed 36416K, reserved 1114112K
  class space    used 3572K, committed 3712K, reserved 1048576K
}
Event: 9.203 GC heap after
{Heap after GC invocations=20 (full 0):
 garbage-first heap   total reserved 878592K, committed 97280K, used 58368K [0x00000000ca600000, 0x0000000100000000)
  region size 1024K, 3 young (3072K), 3 survivors (3072K)
 Metaspace       used 36013K, committed 36416K, reserved 1114112K
  class space    used 3572K, committed 3712K, reserved 1048576K
}
Event: 9.338 GC heap before
{Heap before GC invocations=20 (full 0):
 garbage-first heap   total reserved 878592K, committed 97280K, used 83968K [0x00000000ca600000, 0x0000000100000000)
  region size 1024K, 28 young (28672K), 3 survivors (3072K)
 Metaspace       used 36061K, committed 36416K, reserved 1114112K
  class space    used 3572K, committed 3712K, reserved 1048576K
}
Event: 9.347 GC heap after
{Heap after GC invocations=21 (full 0):
 garbage-first heap   total reserved 878592K, committed 133120K, used 61761K [0x00000000ca600000, 0x0000000100000000)
  region size 1024K, 4 young (4096K), 4 survivors (4096K)
 Metaspace       used 36061K, committed 36416K, reserved 1114112K
  class space    used 3572K, committed 3712K, reserved 1048576K
}
Event: 9.631 GC heap before
{Heap before GC invocations=21 (full 0):
 garbage-first heap   total reserved 878592K, committed 133120K, used 106817K [0x00000000ca600000, 0x0000000100000000)
  region size 1024K, 48 young (49152K), 4 survivors (4096K)
 Metaspace       used 36119K, committed 36480K, reserved 1114112K
  class space    used 3575K, committed 3712K, reserved 1048576K
}
Event: 9.648 GC heap after
{Heap after GC invocations=22 (full 0):
 garbage-first heap   total reserved 878592K, committed 133120K, used 71296K [0x00000000ca600000, 0x0000000100000000)
  region size 1024K, 6 young (6144K), 6 survivors (6144K)
 Metaspace       used 36119K, committed 36480K, reserved 1114112K
  class space    used 3575K, committed 3712K, reserved 1048576K
}
Event: 15.763 GC heap before
{Heap before GC invocations=22 (full 0):
 garbage-first heap   total reserved 878592K, committed 133120K, used 106112K [0x00000000ca600000, 0x0000000100000000)
  region size 1024K, 40 young (40960K), 6 survivors (6144K)
 Metaspace       used 36723K, committed 37184K, reserved 1114112K
  class space    used 3582K, committed 3776K, reserved 1048576K
}
Event: 15.775 GC heap after
{Heap after GC invocations=23 (full 0):
 garbage-first heap   total reserved 878592K, committed 133120K, used 70369K [0x00000000ca600000, 0x0000000100000000)
  region size 1024K, 2 young (2048K), 2 survivors (2048K)
 Metaspace       used 36723K, committed 37184K, reserved 1114112K
  class space    used 3582K, committed 3776K, reserved 1048576K
}

