# JRE version: OpenJDK Runtime Environment Temurin-21.0.7+6 (21.0.7+6) (build 21.0.7+6-LTS)
# Java VM: OpenJDK 64-Bit Server VM Temurin-21.0.7+6 (21.0.7+6-LTS, mixed mode, sharing, tiered, compressed oops, compressed class ptrs, g1 gc, windows-amd64)
GC Precious Log:
 CardTable entry size: 512
 Card Set container configuration: InlinePtr #cards 5 size 8 Array Of Cards #cards 12 size 40 Howl #buckets 4 coarsen threshold 1843 Howl Bitmap #cards 512 size 80 coarsen threshold 460 Card regions per heap region 1 cards per card region 2048
 CPUs: 12 total, 12 available
 Memory: 3424M
 Large Page Support: Disabled
 NUMA Support: Disabled
 Compressed Oops: Enabled (32-bit)
 Heap Region Size: 1M
 Heap Min Capacity: 8M
 Heap Initial Capacity: 54M
 Heap Max Capacity: 858M
 Pre-touch: Disabled
 Parallel Workers: 10
 Concurrent Workers: 3
 Concurrent Refinement Workers: 10
 Periodic GC: Disabled
Heap:
 garbage-first heap   total 106496K, used 80707K [0x00000000ca600000, 0x0000000100000000)
  region size 1024K, 21 young (21504K), 1 survivors (1024K)
 Metaspace       used 32783K, committed 33280K, reserved 1114112K
  class space    used 3639K, committed 3840K, reserved 1048576K
GC Heap History (20 events):
Event: 7.903 GC heap before
{Heap before GC invocations=11 (full 0):
 garbage-first heap   total 76800K, used 64273K [0x00000000ca600000, 0x0000000100000000)
  region size 1024K, 32 young (32768K), 5 survivors (5120K)
 Metaspace       used 26734K, committed 27136K, reserved 1114112K
  class space    used 2989K, committed 3200K, reserved 1048576K
}
Event: 7.915 GC heap after
{Heap after GC invocations=12 (full 0):
 garbage-first heap   total 77824K, used 44032K [0x00000000ca600000, 0x0000000100000000)
  region size 1024K, 4 young (4096K), 4 survivors (4096K)
 Metaspace       used 26734K, committed 27136K, reserved 1114112K
  class space    used 2989K, committed 3200K, reserved 1048576K
}
Event: 8.313 GC heap before
{Heap before GC invocations=12 (full 0):
 garbage-first heap   total 77824K, used 64512K [0x00000000ca600000, 0x0000000100000000)
  region size 1024K, 25 young (25600K), 4 survivors (4096K)
 Metaspace       used 27809K, committed 28160K, reserved 1114112K
  class space    used 3088K, committed 3264K, reserved 1048576K
}
Event: 8.322 GC heap after
{Heap after GC invocations=13 (full 0):
 garbage-first heap   total 77824K, used 47125K [0x00000000ca600000, 0x0000000100000000)
  region size 1024K, 3 young (3072K), 3 survivors (3072K)
 Metaspace       used 27809K, committed 28160K, reserved 1114112K
  class space    used 3088K, committed 3264K, reserved 1048576K
}
Event: 8.894 GC heap before
{Heap before GC invocations=14 (full 0):
 garbage-first heap   total 80896K, used 65557K [0x00000000ca600000, 0x0000000100000000)
  region size 1024K, 22 young (22528K), 3 survivors (3072K)
 Metaspace       used 28863K, committed 29248K, reserved 1114112K
  class space    used 3207K, committed 3392K, reserved 1048576K
}
Event: 8.897 GC heap after
{Heap after GC invocations=15 (full 0):
 garbage-first heap   total 80896K, used 47758K [0x00000000ca600000, 0x0000000100000000)
  region size 1024K, 1 young (1024K), 1 survivors (1024K)
 Metaspace       used 28863K, committed 29248K, reserved 1114112K
  class space    used 3207K, committed 3392K, reserved 1048576K
}
Event: 9.845 GC heap before
{Heap before GC invocations=15 (full 0):
 garbage-first heap   total 80896K, used 71310K [0x00000000ca600000, 0x0000000100000000)
  region size 1024K, 23 young (23552K), 1 survivors (1024K)
 Metaspace       used 30719K, committed 31168K, reserved 1114112K
  class space    used 3428K, committed 3648K, reserved 1048576K
}
Event: 9.850 GC heap after
{Heap after GC invocations=16 (full 0):
 garbage-first heap   total 80896K, used 50110K [0x00000000ca600000, 0x0000000100000000)
  region size 1024K, 3 young (3072K), 3 survivors (3072K)
 Metaspace       used 30719K, committed 31168K, reserved 1114112K
  class space    used 3428K, committed 3648K, reserved 1048576K
}
Event: 9.950 GC heap before
{Heap before GC invocations=16 (full 0):
 garbage-first heap   total 80896K, used 53182K [0x00000000ca600000, 0x0000000100000000)
  region size 1024K, 8 young (8192K), 3 survivors (3072K)
 Metaspace       used 30772K, committed 31168K, reserved 1114112K
  class space    used 3434K, committed 3648K, reserved 1048576K
}
Event: 9.954 GC heap after
{Heap after GC invocations=17 (full 0):
 garbage-first heap   total 80896K, used 50593K [0x00000000ca600000, 0x0000000100000000)
  region size 1024K, 2 young (2048K), 2 survivors (2048K)
 Metaspace       used 30772K, committed 31168K, reserved 1114112K
  class space    used 3434K, committed 3648K, reserved 1048576K
}
Event: 10.645 GC heap before
{Heap before GC invocations=18 (full 0):
 garbage-first heap   total 87040K, used 75169K [0x00000000ca600000, 0x0000000100000000)
  region size 1024K, 23 young (23552K), 2 survivors (2048K)
 Metaspace       used 30794K, committed 31232K, reserved 1114112K
  class space    used 3434K, committed 3648K, reserved 1048576K
}
Event: 10.651 GC heap after
{Heap after GC invocations=19 (full 0):
 garbage-first heap   total 87040K, used 56765K [0x00000000ca600000, 0x0000000100000000)
  region size 1024K, 3 young (3072K), 3 survivors (3072K)
 Metaspace       used 30794K, committed 31232K, reserved 1114112K
  class space    used 3434K, committed 3648K, reserved 1048576K
}
Event: 10.882 GC heap before
{Heap before GC invocations=19 (full 0):
 garbage-first heap   total 87040K, used 75197K [0x00000000ca600000, 0x0000000100000000)
  region size 1024K, 21 young (21504K), 3 survivors (3072K)
 Metaspace       used 30825K, committed 31296K, reserved 1114112K
  class space    used 3435K, committed 3648K, reserved 1048576K
}
Event: 10.894 GC heap after
{Heap after GC invocations=20 (full 0):
 garbage-first heap   total 87040K, used 54960K [0x00000000ca600000, 0x0000000100000000)
  region size 1024K, 3 young (3072K), 3 survivors (3072K)
 Metaspace       used 30825K, committed 31296K, reserved 1114112K
  class space    used 3435K, committed 3648K, reserved 1048576K
}
Event: 11.113 GC heap before
{Heap before GC invocations=20 (full 0):
 garbage-first heap   total 87040K, used 74416K [0x00000000ca600000, 0x0000000100000000)
  region size 1024K, 21 young (21504K), 3 survivors (3072K)
 Metaspace       used 30833K, committed 31296K, reserved 1114112K
  class space    used 3435K, committed 3648K, reserved 1048576K
}
Event: 11.125 GC heap after
{Heap after GC invocations=21 (full 0):
 garbage-first heap   total 106496K, used 54891K [0x00000000ca600000, 0x0000000100000000)
  region size 1024K, 3 young (3072K), 3 survivors (3072K)
 Metaspace       used 30833K, committed 31296K, reserved 1114112K
  class space    used 3435K, committed 3648K, reserved 1048576K
}
Event: 14.490 GC heap before
{Heap before GC invocations=21 (full 0):
 garbage-first heap   total 106496K, used 85611K [0x00000000ca600000, 0x0000000100000000)
  region size 1024K, 34 young (34816K), 3 survivors (3072K)
 Metaspace       used 31357K, committed 31808K, reserved 1114112K
  class space    used 3486K, committed 3712K, reserved 1048576K
}
Event: 14.498 GC heap after
{Heap after GC invocations=22 (full 0):
 garbage-first heap   total 106496K, used 62464K [0x00000000ca600000, 0x0000000100000000)
  region size 1024K, 5 young (5120K), 5 survivors (5120K)
 Metaspace       used 31357K, committed 31808K, reserved 1114112K
  class space    used 3486K, committed 3712K, reserved 1048576K
}
Event: 15.902 GC heap before
{Heap before GC invocations=22 (full 0):
 garbage-first heap   total 106496K, used 87040K [0x00000000ca600000, 0x0000000100000000)
  region size 1024K, 30 young (30720K), 5 survivors (5120K)
 Metaspace       used 32359K, committed 32832K, reserved 1114112K
  class space    used 3601K, committed 3840K, reserved 1048576K
}
Event: 15.905 GC heap after
{Heap after GC invocations=23 (full 0):
 garbage-first heap   total 106496K, used 61251K [0x00000000ca600000, 0x0000000100000000)
  region size 1024K, 1 young (1024K), 1 survivors (1024K)
 Metaspace       used 32359K, committed 32832K, reserved 1114112K
  class space    used 3601K, committed 3840K, reserved 1048576K
}

