# JRE version: OpenJDK Runtime Environment (24.0.1+9) (build 24.0.1+9-30)
# Java VM: OpenJDK 64-Bit Server VM (24.0.1+9-30, mixed mode, sharing, tiered, compressed oops, compressed class ptrs, g1 gc, windows-amd64)
GC Precious Log:
 CardTable entry size: 512
 Card Set container configuration: InlinePtr #cards 5 size 8 Array Of Cards #cards 10 size 36 Howl #buckets 4 coarsen threshold 1843 Howl Bitmap #cards 512 size 80 coarsen threshold 460 Card regions per heap region 1 cards per card region 2048
 CPUs: 12 total, 12 available
 Memory: 3424M
 Large Page Support: Disabled
 NUMA Support: Disabled
 Compressed Oops: Enabled (32-bit)
 Heap Region Size: 1M
 Heap Min Capacity: 8M
 Heap Initial Capacity: 54M
 Heap Max Capacity: 858M
 Pre-touch: Disabled
 Parallel Workers: 10
 Concurrent Workers: 3
 Concurrent Refinement Workers: 10
 Periodic GC: Disabled
Heap:
 garbage-first heap   total reserved 878592K, committed 69632K, used 37488K [0x00000000ca600000, 0x0000000100000000)
  region size 1024K, 25 young (25600K), 2 survivors (2048K)
 Metaspace       used 16163K, committed 16448K, reserved 1114112K
  class space    used 1560K, committed 1664K, reserved 1048576K
GC Heap History (10 events):
Event: 1.142 GC heap before
{Heap before GC invocations=0 (full 0):
 garbage-first heap   total reserved 878592K, committed 57344K, used 29808K [0x00000000ca600000, 0x0000000100000000)
  region size 1024K, 28 young (28672K), 0 survivors (0K)
 Metaspace       used 6141K, committed 6272K, reserved 1114112K
  class space    used 549K, committed 576K, reserved 1048576K
}
Event: 1.161 GC heap after
{Heap after GC invocations=1 (full 0):
 garbage-first heap   total reserved 878592K, committed 57344K, used 4528K [0x00000000ca600000, 0x0000000100000000)
  region size 1024K, 4 young (4096K), 4 survivors (4096K)
 Metaspace       used 6141K, committed 6272K, reserved 1114112K
  class space    used 549K, committed 576K, reserved 1048576K
}
Event: 1.762 GC heap before
{Heap before GC invocations=1 (full 0):
 garbage-first heap   total reserved 878592K, committed 57344K, used 28080K [0x00000000ca600000, 0x0000000100000000)
  region size 1024K, 27 young (27648K), 4 survivors (4096K)
 Metaspace       used 10321K, committed 10560K, reserved 1114112K
  class space    used 950K, committed 1088K, reserved 1048576K
}
Event: 1.771 GC heap after
{Heap after GC invocations=2 (full 0):
 garbage-first heap   total reserved 878592K, committed 57344K, used 6256K [0x00000000ca600000, 0x0000000100000000)
  region size 1024K, 2 young (2048K), 2 survivors (2048K)
 Metaspace       used 10321K, committed 10560K, reserved 1114112K
  class space    used 950K, committed 1088K, reserved 1048576K
}
Event: 2.643 GC heap before
{Heap before GC invocations=2 (full 0):
 garbage-first heap   total reserved 878592K, committed 57344K, used 33904K [0x00000000ca600000, 0x0000000100000000)
  region size 1024K, 29 young (29696K), 2 survivors (2048K)
 Metaspace       used 14911K, committed 15168K, reserved 1114112K
  class space    used 1482K, committed 1600K, reserved 1048576K
}
Event: 2.656 GC heap after
{Heap after GC invocations=3 (full 0):
 garbage-first heap   total reserved 878592K, committed 57344K, used 8895K [0x00000000ca600000, 0x0000000100000000)
  region size 1024K, 4 young (4096K), 4 survivors (4096K)
 Metaspace       used 14911K, committed 15168K, reserved 1114112K
  class space    used 1482K, committed 1600K, reserved 1048576K
}
Event: 3.297 GC heap before
{Heap before GC invocations=3 (full 0):
 garbage-first heap   total reserved 878592K, committed 57344K, used 37567K [0x00000000ca600000, 0x0000000100000000)
  region size 1024K, 32 young (32768K), 4 survivors (4096K)
 Metaspace       used 15664K, committed 15936K, reserved 1114112K
  class space    used 1540K, committed 1664K, reserved 1048576K
}
Event: 3.311 GC heap after
{Heap after GC invocations=4 (full 0):
 garbage-first heap   total reserved 878592K, committed 57344K, used 12609K [0x00000000ca600000, 0x0000000100000000)
  region size 1024K, 4 young (4096K), 4 survivors (4096K)
 Metaspace       used 15664K, committed 15936K, reserved 1114112K
  class space    used 1540K, committed 1664K, reserved 1048576K
}
Event: 3.800 GC heap before
{Heap before GC invocations=4 (full 0):
 garbage-first heap   total reserved 878592K, committed 57344K, used 40257K [0x00000000ca600000, 0x0000000100000000)
  region size 1024K, 31 young (31744K), 4 survivors (4096K)
 Metaspace       used 15918K, committed 16192K, reserved 1114112K
  class space    used 1557K, committed 1664K, reserved 1048576K
}
Event: 3.808 GC heap after
{Heap after GC invocations=5 (full 0):
 garbage-first heap   total reserved 878592K, committed 69632K, used 14960K [0x00000000ca600000, 0x0000000100000000)
  region size 1024K, 2 young (2048K), 2 survivors (2048K)
 Metaspace       used 15918K, committed 16192K, reserved 1114112K
  class space    used 1557K, committed 1664K, reserved 1048576K
}

