# JRE version: OpenJDK Runtime Environment (24.0.1+9) (build 24.0.1+9-30)
# Java VM: OpenJDK 64-Bit Server VM (24.0.1+9-30, mixed mode, sharing, tiered, compressed oops, compressed class ptrs, g1 gc, windows-amd64)
GC Precious Log:
 CardTable entry size: 512
 Card Set container configuration: InlinePtr #cards 5 size 8 Array Of Cards #cards 10 size 36 Howl #buckets 4 coarsen threshold 1843 Howl Bitmap #cards 512 size 80 coarsen threshold 460 Card regions per heap region 1 cards per card region 2048
 CPUs: 12 total, 12 available
 Memory: 3424M
 Large Page Support: Disabled
 NUMA Support: Disabled
 Compressed Oops: Enabled (32-bit)
 Heap Region Size: 1M
 Heap Min Capacity: 8M
 Heap Initial Capacity: 54M
 Heap Max Capacity: 858M
 Pre-touch: Disabled
 Parallel Workers: 10
 Concurrent Workers: 3
 Concurrent Refinement Workers: 10
 Periodic GC: Disabled
Heap:
 garbage-first heap   total reserved 878592K, committed 89088K, used 59005K [0x00000000ca600000, 0x0000000100000000)
  region size 1024K, 42 young (43008K), 2 survivors (2048K)
 Metaspace       used 19521K, committed 19904K, reserved 1114112K
  class space    used 1815K, committed 1984K, reserved 1048576K
GC Heap History (18 events):
Event: 0.675 GC heap before
{Heap before GC invocations=0 (full 0):
 garbage-first heap   total reserved 878592K, committed 57344K, used 29808K [0x00000000ca600000, 0x0000000100000000)
  region size 1024K, 28 young (28672K), 0 survivors (0K)
 Metaspace       used 6163K, committed 6336K, reserved 1114112K
  class space    used 548K, committed 576K, reserved 1048576K
}
Event: 0.681 GC heap after
{Heap after GC invocations=1 (full 0):
 garbage-first heap   total reserved 878592K, committed 57344K, used 4368K [0x00000000ca600000, 0x0000000100000000)
  region size 1024K, 4 young (4096K), 4 survivors (4096K)
 Metaspace       used 6163K, committed 6336K, reserved 1114112K
  class space    used 548K, committed 576K, reserved 1048576K
}
Event: 1.102 GC heap before
{Heap before GC invocations=1 (full 0):
 garbage-first heap   total reserved 878592K, committed 57344K, used 27920K [0x00000000ca600000, 0x0000000100000000)
  region size 1024K, 27 young (27648K), 4 survivors (4096K)
 Metaspace       used 10324K, committed 10560K, reserved 1114112K
  class space    used 948K, committed 1088K, reserved 1048576K
}
Event: 1.108 GC heap after
{Heap after GC invocations=2 (full 0):
 garbage-first heap   total reserved 878592K, committed 57344K, used 6208K [0x00000000ca600000, 0x0000000100000000)
  region size 1024K, 2 young (2048K), 2 survivors (2048K)
 Metaspace       used 10324K, committed 10560K, reserved 1114112K
  class space    used 948K, committed 1088K, reserved 1048576K
}
Event: 1.821 GC heap before
{Heap before GC invocations=2 (full 0):
 garbage-first heap   total reserved 878592K, committed 57344K, used 32832K [0x00000000ca600000, 0x0000000100000000)
  region size 1024K, 28 young (28672K), 2 survivors (2048K)
 Metaspace       used 14911K, committed 15168K, reserved 1114112K
  class space    used 1484K, committed 1600K, reserved 1048576K
}
Event: 1.827 GC heap after
{Heap after GC invocations=3 (full 0):
 garbage-first heap   total reserved 878592K, committed 57344K, used 8993K [0x00000000ca600000, 0x0000000100000000)
  region size 1024K, 4 young (4096K), 4 survivors (4096K)
 Metaspace       used 14911K, committed 15168K, reserved 1114112K
  class space    used 1484K, committed 1600K, reserved 1048576K
}
Event: 2.279 GC heap before
{Heap before GC invocations=3 (full 0):
 garbage-first heap   total reserved 878592K, committed 57344K, used 37665K [0x00000000ca600000, 0x0000000100000000)
  region size 1024K, 32 young (32768K), 4 survivors (4096K)
 Metaspace       used 15781K, committed 16064K, reserved 1114112K
  class space    used 1555K, committed 1664K, reserved 1048576K
}
Event: 2.292 GC heap after
{Heap after GC invocations=4 (full 0):
 garbage-first heap   total reserved 878592K, committed 57344K, used 13424K [0x00000000ca600000, 0x0000000100000000)
  region size 1024K, 4 young (4096K), 4 survivors (4096K)
 Metaspace       used 15781K, committed 16064K, reserved 1114112K
  class space    used 1555K, committed 1664K, reserved 1048576K
}
Event: 2.623 GC heap before
{Heap before GC invocations=4 (full 0):
 garbage-first heap   total reserved 878592K, committed 57344K, used 40048K [0x00000000ca600000, 0x0000000100000000)
  region size 1024K, 30 young (30720K), 4 survivors (4096K)
 Metaspace       used 15979K, committed 16320K, reserved 1114112K
  class space    used 1560K, committed 1728K, reserved 1048576K
}
Event: 2.629 GC heap after
{Heap after GC invocations=5 (full 0):
 garbage-first heap   total reserved 878592K, committed 57344K, used 15240K [0x00000000ca600000, 0x0000000100000000)
  region size 1024K, 2 young (2048K), 2 survivors (2048K)
 Metaspace       used 15979K, committed 16320K, reserved 1114112K
  class space    used 1560K, committed 1728K, reserved 1048576K
}
Event: 3.051 GC heap before
{Heap before GC invocations=5 (full 0):
 garbage-first heap   total reserved 878592K, committed 57344K, used 42888K [0x00000000ca600000, 0x0000000100000000)
  region size 1024K, 29 young (29696K), 2 survivors (2048K)
 Metaspace       used 16387K, committed 16704K, reserved 1114112K
  class space    used 1575K, committed 1728K, reserved 1048576K
}
Event: 3.056 GC heap after
{Heap after GC invocations=6 (full 0):
 garbage-first heap   total reserved 878592K, committed 57344K, used 15886K [0x00000000ca600000, 0x0000000100000000)
  region size 1024K, 3 young (3072K), 3 survivors (3072K)
 Metaspace       used 16387K, committed 16704K, reserved 1114112K
  class space    used 1575K, committed 1728K, reserved 1048576K
}
Event: 3.625 GC heap before
{Heap before GC invocations=6 (full 0):
 garbage-first heap   total reserved 878592K, committed 57344K, used 43534K [0x00000000ca600000, 0x0000000100000000)
  region size 1024K, 30 young (30720K), 3 survivors (3072K)
 Metaspace       used 17082K, committed 17408K, reserved 1114112K
  class space    used 1629K, committed 1792K, reserved 1048576K
}
Event: 3.630 GC heap after
{Heap after GC invocations=7 (full 0):
 garbage-first heap   total reserved 878592K, committed 57344K, used 17470K [0x00000000ca600000, 0x0000000100000000)
  region size 1024K, 3 young (3072K), 3 survivors (3072K)
 Metaspace       used 17082K, committed 17408K, reserved 1114112K
  class space    used 1629K, committed 1792K, reserved 1048576K
}
Event: 3.670 GC heap before
{Heap before GC invocations=7 (full 0):
 garbage-first heap   total reserved 878592K, committed 57344K, used 27710K [0x00000000ca600000, 0x0000000100000000)
  region size 1024K, 6 young (6144K), 3 survivors (3072K)
 Metaspace       used 17579K, committed 17856K, reserved 1114112K
  class space    used 1684K, committed 1792K, reserved 1048576K
}
Event: 3.674 GC heap after
{Heap after GC invocations=8 (full 0):
 garbage-first heap   total reserved 878592K, committed 57344K, used 26510K [0x00000000ca600000, 0x0000000100000000)
  region size 1024K, 3 young (3072K), 3 survivors (3072K)
 Metaspace       used 17579K, committed 17856K, reserved 1114112K
  class space    used 1684K, committed 1792K, reserved 1048576K
}
Event: 4.000 GC heap before
{Heap before GC invocations=9 (full 0):
 garbage-first heap   total reserved 878592K, committed 89088K, used 70542K [0x00000000ca600000, 0x0000000100000000)
  region size 1024K, 22 young (22528K), 3 survivors (3072K)
 Metaspace       used 18336K, committed 18688K, reserved 1114112K
  class space    used 1730K, committed 1856K, reserved 1048576K
}
Event: 4.004 GC heap after
{Heap after GC invocations=10 (full 0):
 garbage-first heap   total reserved 878592K, committed 89088K, used 19069K [0x00000000ca600000, 0x0000000100000000)
  region size 1024K, 2 young (2048K), 2 survivors (2048K)
 Metaspace       used 18336K, committed 18688K, reserved 1114112K
  class space    used 1730K, committed 1856K, reserved 1048576K
}

