# JRE version: OpenJDK Runtime Environment (24.0.1+9) (build 24.0.1+9-30)
# Java VM: OpenJDK 64-Bit Server VM (24.0.1+9-30, mixed mode, sharing, tiered, compressed oops, compressed class ptrs, g1 gc, windows-amd64)
GC Precious Log:
 CardTable entry size: 512
 Card Set container configuration: InlinePtr #cards 5 size 8 Array Of Cards #cards 10 size 36 Howl #buckets 4 coarsen threshold 1843 Howl Bitmap #cards 512 size 80 coarsen threshold 460 Card regions per heap region 1 cards per card region 2048
 CPUs: 12 total, 12 available
 Memory: 3424M
 Large Page Support: Disabled
 NUMA Support: Disabled
 Compressed Oops: Enabled (32-bit)
 Heap Region Size: 1M
 Heap Min Capacity: 8M
 Heap Initial Capacity: 54M
 Heap Max Capacity: 256M
 Pre-touch: Disabled
 Parallel Workers: 10
 Concurrent Workers: 3
 Concurrent Refinement Workers: 10
 Periodic GC: Disabled
Heap:
 garbage-first heap   total reserved 262144K, committed 57344K, used 28440K [0x00000000f0000000, 0x0000000100000000)
  region size 1024K, 16 young (16384K), 2 survivors (2048K)
 Metaspace       used 16130K, committed 16384K, reserved 1114112K
  class space    used 1564K, committed 1664K, reserved 1048576K
GC Heap History (10 events):
Event: 1.202 GC heap before
{Heap before GC invocations=0 (full 0):
 garbage-first heap   total reserved 262144K, committed 57344K, used 29808K [0x00000000f0000000, 0x0000000100000000)
  region size 1024K, 28 young (28672K), 0 survivors (0K)
 Metaspace       used 6149K, committed 6336K, reserved 1114112K
  class space    used 550K, committed 640K, reserved 1048576K
}
Event: 1.218 GC heap after
{Heap after GC invocations=1 (full 0):
 garbage-first heap   total reserved 262144K, committed 57344K, used 4848K [0x00000000f0000000, 0x0000000100000000)
  region size 1024K, 4 young (4096K), 4 survivors (4096K)
 Metaspace       used 6149K, committed 6336K, reserved 1114112K
  class space    used 550K, committed 640K, reserved 1048576K
}
Event: 1.849 GC heap before
{Heap before GC invocations=1 (full 0):
 garbage-first heap   total reserved 262144K, committed 57344K, used 27376K [0x00000000f0000000, 0x0000000100000000)
  region size 1024K, 27 young (27648K), 4 survivors (4096K)
 Metaspace       used 10316K, committed 10560K, reserved 1114112K
  class space    used 950K, committed 1088K, reserved 1048576K
}
Event: 1.857 GC heap after
{Heap after GC invocations=2 (full 0):
 garbage-first heap   total reserved 262144K, committed 57344K, used 6066K [0x00000000f0000000, 0x0000000100000000)
  region size 1024K, 2 young (2048K), 2 survivors (2048K)
 Metaspace       used 10316K, committed 10560K, reserved 1114112K
  class space    used 950K, committed 1088K, reserved 1048576K
}
Event: 2.799 GC heap before
{Heap before GC invocations=2 (full 0):
 garbage-first heap   total reserved 262144K, committed 57344K, used 33714K [0x00000000f0000000, 0x0000000100000000)
  region size 1024K, 29 young (29696K), 2 survivors (2048K)
 Metaspace       used 14920K, committed 15168K, reserved 1114112K
  class space    used 1482K, committed 1600K, reserved 1048576K
}
Event: 2.810 GC heap after
{Heap after GC invocations=3 (full 0):
 garbage-first heap   total reserved 262144K, committed 57344K, used 9043K [0x00000000f0000000, 0x0000000100000000)
  region size 1024K, 4 young (4096K), 4 survivors (4096K)
 Metaspace       used 14920K, committed 15168K, reserved 1114112K
  class space    used 1482K, committed 1600K, reserved 1048576K
}
Event: 3.471 GC heap before
{Heap before GC invocations=3 (full 0):
 garbage-first heap   total reserved 262144K, committed 57344K, used 37715K [0x00000000f0000000, 0x0000000100000000)
  region size 1024K, 32 young (32768K), 4 survivors (4096K)
 Metaspace       used 15760K, committed 16064K, reserved 1114112K
  class space    used 1556K, committed 1664K, reserved 1048576K
}
Event: 3.487 GC heap after
{Heap after GC invocations=4 (full 0):
 garbage-first heap   total reserved 262144K, committed 57344K, used 13424K [0x00000000f0000000, 0x0000000100000000)
  region size 1024K, 4 young (4096K), 4 survivors (4096K)
 Metaspace       used 15760K, committed 16064K, reserved 1114112K
  class space    used 1556K, committed 1664K, reserved 1048576K
}
Event: 4.116 GC heap before
{Heap before GC invocations=4 (full 0):
 garbage-first heap   total reserved 262144K, committed 57344K, used 40048K [0x00000000f0000000, 0x0000000100000000)
  region size 1024K, 30 young (30720K), 4 survivors (4096K)
 Metaspace       used 16006K, committed 16256K, reserved 1114112K
  class space    used 1562K, committed 1664K, reserved 1048576K
}
Event: 4.125 GC heap after
{Heap after GC invocations=5 (full 0):
 garbage-first heap   total reserved 262144K, committed 57344K, used 15128K [0x00000000f0000000, 0x0000000100000000)
  region size 1024K, 2 young (2048K), 2 survivors (2048K)
 Metaspace       used 16006K, committed 16256K, reserved 1114112K
  class space    used 1562K, committed 1664K, reserved 1048576K
}

