# JRE version: OpenJDK Runtime Environment (24.0.1+9) (build 24.0.1+9-30)
# Java VM: OpenJDK 64-Bit Server VM (24.0.1+9-30, mixed mode, sharing, tiered, compressed oops, compressed class ptrs, g1 gc, windows-amd64)
GC Precious Log:
 CardTable entry size: 512
 Card Set container configuration: InlinePtr #cards 5 size 8 Array Of Cards #cards 10 size 36 Howl #buckets 4 coarsen threshold 1843 Howl Bitmap #cards 512 size 80 coarsen threshold 460 Card regions per heap region 1 cards per card region 2048
 CPUs: 12 total, 12 available
 Memory: 3424M
 Large Page Support: Disabled
 NUMA Support: Disabled
 Compressed Oops: Enabled (32-bit)
 Heap Region Size: 1M
 Heap Min Capacity: 8M
 Heap Initial Capacity: 54M
 Heap Max Capacity: 858M
 Pre-touch: Disabled
 Parallel Workers: 10
 Concurrent Workers: 3
 Concurrent Refinement Workers: 10
 Periodic GC: Disabled
Heap:
 garbage-first heap   total reserved 878592K, committed 94208K, used 84987K [0x00000000ca600000, 0x0000000100000000)
  region size 1024K, 3 young (3072K), 2 survivors (2048K)
 Metaspace       used 17710K, committed 17984K, reserved 1114112K
  class space    used 1689K, committed 1792K, reserved 1048576K
GC Heap History (18 events):
Event: 1.045 GC heap before
{Heap before GC invocations=0 (full 0):
 garbage-first heap   total reserved 878592K, committed 57344K, used 29808K [0x00000000ca600000, 0x0000000100000000)
  region size 1024K, 28 young (28672K), 0 survivors (0K)
 Metaspace       used 6137K, committed 6208K, reserved 1114112K
  class space    used 549K, committed 576K, reserved 1048576K
}
Event: 1.053 GC heap after
{Heap after GC invocations=1 (full 0):
 garbage-first heap   total reserved 878592K, committed 57344K, used 4528K [0x00000000ca600000, 0x0000000100000000)
  region size 1024K, 4 young (4096K), 4 survivors (4096K)
 Metaspace       used 6137K, committed 6208K, reserved 1114112K
  class space    used 549K, committed 576K, reserved 1048576K
}
Event: 1.619 GC heap before
{Heap before GC invocations=1 (full 0):
 garbage-first heap   total reserved 878592K, committed 57344K, used 28080K [0x00000000ca600000, 0x0000000100000000)
  region size 1024K, 27 young (27648K), 4 survivors (4096K)
 Metaspace       used 10316K, committed 10560K, reserved 1114112K
  class space    used 950K, committed 1088K, reserved 1048576K
}
Event: 1.626 GC heap after
{Heap after GC invocations=2 (full 0):
 garbage-first heap   total reserved 878592K, committed 57344K, used 6256K [0x00000000ca600000, 0x0000000100000000)
  region size 1024K, 2 young (2048K), 2 survivors (2048K)
 Metaspace       used 10316K, committed 10560K, reserved 1114112K
  class space    used 950K, committed 1088K, reserved 1048576K
}
Event: 2.475 GC heap before
{Heap before GC invocations=2 (full 0):
 garbage-first heap   total reserved 878592K, committed 57344K, used 33904K [0x00000000ca600000, 0x0000000100000000)
  region size 1024K, 29 young (29696K), 2 survivors (2048K)
 Metaspace       used 14911K, committed 15168K, reserved 1114112K
  class space    used 1482K, committed 1600K, reserved 1048576K
}
Event: 2.487 GC heap after
{Heap after GC invocations=3 (full 0):
 garbage-first heap   total reserved 878592K, committed 57344K, used 9091K [0x00000000ca600000, 0x0000000100000000)
  region size 1024K, 4 young (4096K), 4 survivors (4096K)
 Metaspace       used 14911K, committed 15168K, reserved 1114112K
  class space    used 1482K, committed 1600K, reserved 1048576K
}
Event: 3.041 GC heap before
{Heap before GC invocations=3 (full 0):
 garbage-first heap   total reserved 878592K, committed 57344K, used 37763K [0x00000000ca600000, 0x0000000100000000)
  region size 1024K, 32 young (32768K), 4 survivors (4096K)
 Metaspace       used 15762K, committed 16064K, reserved 1114112K
  class space    used 1556K, committed 1664K, reserved 1048576K
}
Event: 3.059 GC heap after
{Heap after GC invocations=4 (full 0):
 garbage-first heap   total reserved 878592K, committed 57344K, used 13424K [0x00000000ca600000, 0x0000000100000000)
  region size 1024K, 4 young (4096K), 4 survivors (4096K)
 Metaspace       used 15762K, committed 16064K, reserved 1114112K
  class space    used 1556K, committed 1664K, reserved 1048576K
}
Event: 3.528 GC heap before
{Heap before GC invocations=4 (full 0):
 garbage-first heap   total reserved 878592K, committed 57344K, used 40048K [0x00000000ca600000, 0x0000000100000000)
  region size 1024K, 30 young (30720K), 4 survivors (4096K)
 Metaspace       used 16019K, committed 16256K, reserved 1114112K
  class space    used 1562K, committed 1664K, reserved 1048576K
}
Event: 3.538 GC heap after
{Heap after GC invocations=5 (full 0):
 garbage-first heap   total reserved 878592K, committed 57344K, used 15228K [0x00000000ca600000, 0x0000000100000000)
  region size 1024K, 2 young (2048K), 2 survivors (2048K)
 Metaspace       used 16019K, committed 16256K, reserved 1114112K
  class space    used 1562K, committed 1664K, reserved 1048576K
}
Event: 4.521 GC heap before
{Heap before GC invocations=5 (full 0):
 garbage-first heap   total reserved 878592K, committed 57344K, used 42876K [0x00000000ca600000, 0x0000000100000000)
  region size 1024K, 29 young (29696K), 2 survivors (2048K)
 Metaspace       used 16259K, committed 16512K, reserved 1114112K
  class space    used 1564K, committed 1664K, reserved 1048576K
}
Event: 4.526 GC heap after
{Heap after GC invocations=6 (full 0):
 garbage-first heap   total reserved 878592K, committed 69632K, used 16343K [0x00000000ca600000, 0x0000000100000000)
  region size 1024K, 3 young (3072K), 3 survivors (3072K)
 Metaspace       used 16259K, committed 16512K, reserved 1114112K
  class space    used 1564K, committed 1664K, reserved 1048576K
}
Event: 5.234 GC heap before
{Heap before GC invocations=6 (full 0):
 garbage-first heap   total reserved 878592K, committed 69632K, used 53207K [0x00000000ca600000, 0x0000000100000000)
  region size 1024K, 39 young (39936K), 3 survivors (3072K)
 Metaspace       used 16656K, committed 16960K, reserved 1114112K
  class space    used 1582K, committed 1728K, reserved 1048576K
}
Event: 5.240 GC heap after
{Heap after GC invocations=7 (full 0):
 garbage-first heap   total reserved 878592K, committed 69632K, used 18230K [0x00000000ca600000, 0x0000000100000000)
  region size 1024K, 3 young (3072K), 3 survivors (3072K)
 Metaspace       used 16656K, committed 16960K, reserved 1114112K
  class space    used 1582K, committed 1728K, reserved 1048576K
}
Event: 5.579 GC heap before
{Heap before GC invocations=7 (full 0):
 garbage-first heap   total reserved 878592K, committed 69632K, used 41782K [0x00000000ca600000, 0x0000000100000000)
  region size 1024K, 19 young (19456K), 3 survivors (3072K)
 Metaspace       used 17696K, committed 17984K, reserved 1114112K
  class space    used 1688K, committed 1792K, reserved 1048576K
}
Event: 5.588 GC heap after
{Heap after GC invocations=8 (full 0):
 garbage-first heap   total reserved 878592K, committed 69632K, used 27561K [0x00000000ca600000, 0x0000000100000000)
  region size 1024K, 3 young (3072K), 3 survivors (3072K)
 Metaspace       used 17696K, committed 17984K, reserved 1114112K
  class space    used 1688K, committed 1792K, reserved 1048576K
}
Event: 5.589 GC heap before
{Heap before GC invocations=8 (full 0):
 garbage-first heap   total reserved 878592K, committed 69632K, used 39849K [0x00000000ca600000, 0x0000000100000000)
  region size 1024K, 4 young (4096K), 3 survivors (3072K)
 Metaspace       used 17696K, committed 17984K, reserved 1114112K
  class space    used 1688K, committed 1792K, reserved 1048576K
}
Event: 5.594 GC heap after
{Heap after GC invocations=9 (full 0):
 garbage-first heap   total reserved 878592K, committed 69632K, used 39931K [0x00000000ca600000, 0x0000000100000000)
  region size 1024K, 2 young (2048K), 2 survivors (2048K)
 Metaspace       used 17696K, committed 17984K, reserved 1114112K
  class space    used 1688K, committed 1792K, reserved 1048576K
}

