# JRE version: OpenJDK Runtime Environment (24.0.1+9) (build 24.0.1+9-30)
# Java VM: OpenJDK 64-Bit Server VM (24.0.1+9-30, mixed mode, sharing, tiered, compressed oops, compressed class ptrs, g1 gc, windows-amd64)
GC Precious Log:
 CardTable entry size: 512
 Card Set container configuration: InlinePtr #cards 5 size 8 Array Of Cards #cards 10 size 36 Howl #buckets 4 coarsen threshold 1843 Howl Bitmap #cards 512 size 80 coarsen threshold 460 Card regions per heap region 1 cards per card region 2048
 CPUs: 12 total, 12 available
 Memory: 3424M
 Large Page Support: Disabled
 NUMA Support: Disabled
 Compressed Oops: Enabled (32-bit)
 Heap Region Size: 1M
 Heap Min Capacity: 8M
 Heap Initial Capacity: 54M
 Heap Max Capacity: 858M
 Pre-touch: Disabled
 Parallel Workers: 10
 Concurrent Workers: 3
 Concurrent Refinement Workers: 10
 Periodic GC: Disabled
Heap:
 garbage-first heap   total reserved 878592K, committed 97280K, used 70589K [0x00000000ca600000, 0x0000000100000000)
  region size 1024K, 9 young (9216K), 4 survivors (4096K)
 Metaspace       used 30744K, committed 31232K, reserved 1114112K
  class space    used 3036K, committed 3264K, reserved 1048576K
GC Heap History (20 events):
Event: 4.568 GC heap before
{Heap before GC invocations=5 (full 0):
 garbage-first heap   total reserved 878592K, committed 57344K, used 43120K [0x00000000ca600000, 0x0000000100000000)
  region size 1024K, 30 young (30720K), 3 survivors (3072K)
 Metaspace       used 16238K, committed 16512K, reserved 1114112K
  class space    used 1560K, committed 1664K, reserved 1048576K
}
Event: 4.576 GC heap after
{Heap after GC invocations=6 (full 0):
 garbage-first heap   total reserved 878592K, committed 69632K, used 16638K [0x00000000ca600000, 0x0000000100000000)
  region size 1024K, 2 young (2048K), 2 survivors (2048K)
 Metaspace       used 16238K, committed 16512K, reserved 1114112K
  class space    used 1560K, committed 1664K, reserved 1048576K
}
Event: 5.536 GC heap before
{Heap before GC invocations=6 (full 0):
 garbage-first heap   total reserved 878592K, committed 69632K, used 51454K [0x00000000ca600000, 0x0000000100000000)
  region size 1024K, 36 young (36864K), 2 survivors (2048K)
 Metaspace       used 17014K, committed 17280K, reserved 1114112K
  class space    used 1644K, committed 1728K, reserved 1048576K
}
Event: 5.544 GC heap after
{Heap after GC invocations=7 (full 0):
 garbage-first heap   total reserved 878592K, committed 69632K, used 18153K [0x00000000ca600000, 0x0000000100000000)
  region size 1024K, 3 young (3072K), 3 survivors (3072K)
 Metaspace       used 17014K, committed 17280K, reserved 1114112K
  class space    used 1644K, committed 1728K, reserved 1048576K
}
Event: 6.422 GC heap before
{Heap before GC invocations=7 (full 0):
 garbage-first heap   total reserved 878592K, committed 69632K, used 51945K [0x00000000ca600000, 0x0000000100000000)
  region size 1024K, 36 young (36864K), 3 survivors (3072K)
 Metaspace       used 18137K, committed 18496K, reserved 1114112K
  class space    used 1713K, committed 1856K, reserved 1048576K
}
Event: 6.429 GC heap after
{Heap after GC invocations=8 (full 0):
 garbage-first heap   total reserved 878592K, committed 69632K, used 20305K [0x00000000ca600000, 0x0000000100000000)
  region size 1024K, 4 young (4096K), 4 survivors (4096K)
 Metaspace       used 18137K, committed 18496K, reserved 1114112K
  class space    used 1713K, committed 1856K, reserved 1048576K
}
Event: 7.030 GC heap before
{Heap before GC invocations=8 (full 0):
 garbage-first heap   total reserved 878592K, committed 69632K, used 38737K [0x00000000ca600000, 0x0000000100000000)
  region size 1024K, 21 young (21504K), 4 survivors (4096K)
 Metaspace       used 21153K, committed 21504K, reserved 1114112K
  class space    used 2019K, committed 2176K, reserved 1048576K
}
Event: 7.037 GC heap after
{Heap after GC invocations=9 (full 0):
 garbage-first heap   total reserved 878592K, committed 69632K, used 21159K [0x00000000ca600000, 0x0000000100000000)
  region size 1024K, 3 young (3072K), 3 survivors (3072K)
 Metaspace       used 21153K, committed 21504K, reserved 1114112K
  class space    used 2019K, committed 2176K, reserved 1048576K
}
Event: 7.848 GC heap before
{Heap before GC invocations=10 (full 0):
 garbage-first heap   total reserved 878592K, committed 69632K, used 56999K [0x00000000ca600000, 0x0000000100000000)
  region size 1024K, 37 young (37888K), 3 survivors (3072K)
 Metaspace       used 25889K, committed 26240K, reserved 1114112K
  class space    used 2495K, committed 2624K, reserved 1048576K
}
Event: 7.861 GC heap after
{Heap after GC invocations=11 (full 0):
 garbage-first heap   total reserved 878592K, committed 75776K, used 35952K [0x00000000ca600000, 0x0000000100000000)
  region size 1024K, 5 young (5120K), 5 survivors (5120K)
 Metaspace       used 25889K, committed 26240K, reserved 1114112K
  class space    used 2495K, committed 2624K, reserved 1048576K
}
Event: 8.072 GC heap before
{Heap before GC invocations=11 (full 0):
 garbage-first heap   total reserved 878592K, committed 75776K, used 62576K [0x00000000ca600000, 0x0000000100000000)
  region size 1024K, 30 young (30720K), 5 survivors (5120K)
 Metaspace       used 26064K, committed 26432K, reserved 1114112K
  class space    used 2518K, committed 2688K, reserved 1048576K
}
Event: 8.085 GC heap after
{Heap after GC invocations=12 (full 0):
 garbage-first heap   total reserved 878592K, committed 76800K, used 44544K [0x00000000ca600000, 0x0000000100000000)
  region size 1024K, 4 young (4096K), 4 survivors (4096K)
 Metaspace       used 26064K, committed 26432K, reserved 1114112K
  class space    used 2518K, committed 2688K, reserved 1048576K
}
Event: 8.355 GC heap before
{Heap before GC invocations=12 (full 0):
 garbage-first heap   total reserved 878592K, committed 76800K, used 64000K [0x00000000ca600000, 0x0000000100000000)
  region size 1024K, 23 young (23552K), 4 survivors (4096K)
 Metaspace       used 27227K, committed 27584K, reserved 1114112K
  class space    used 2663K, committed 2816K, reserved 1048576K
}
Event: 8.365 GC heap after
{Heap after GC invocations=13 (full 0):
 garbage-first heap   total reserved 878592K, committed 76800K, used 48128K [0x00000000ca600000, 0x0000000100000000)
  region size 1024K, 3 young (3072K), 3 survivors (3072K)
 Metaspace       used 27227K, committed 27584K, reserved 1114112K
  class space    used 2663K, committed 2816K, reserved 1048576K
}
Event: 8.800 GC heap before
{Heap before GC invocations=14 (full 0):
 garbage-first heap   total reserved 878592K, committed 80896K, used 66560K [0x00000000ca600000, 0x0000000100000000)
  region size 1024K, 21 young (21504K), 3 survivors (3072K)
 Metaspace       used 27815K, committed 28160K, reserved 1114112K
  class space    used 2758K, committed 2880K, reserved 1048576K
}
Event: 8.807 GC heap after
{Heap after GC invocations=15 (full 0):
 garbage-first heap   total reserved 878592K, committed 80896K, used 47973K [0x00000000ca600000, 0x0000000100000000)
  region size 1024K, 1 young (1024K), 1 survivors (1024K)
 Metaspace       used 27815K, committed 28160K, reserved 1114112K
  class space    used 2758K, committed 2880K, reserved 1048576K
}
Event: 9.154 GC heap before
{Heap before GC invocations=15 (full 0):
 garbage-first heap   total reserved 878592K, committed 80896K, used 70501K [0x00000000ca600000, 0x0000000100000000)
  region size 1024K, 23 young (23552K), 1 survivors (1024K)
 Metaspace       used 28893K, committed 29312K, reserved 1114112K
  class space    used 2826K, committed 3008K, reserved 1048576K
}
Event: 9.158 GC heap after
{Heap after GC invocations=16 (full 0):
 garbage-first heap   total reserved 878592K, committed 97280K, used 48005K [0x00000000ca600000, 0x0000000100000000)
  region size 1024K, 2 young (2048K), 2 survivors (2048K)
 Metaspace       used 28893K, committed 29312K, reserved 1114112K
  class space    used 2826K, committed 3008K, reserved 1048576K
}
Event: 9.635 GC heap before
{Heap before GC invocations=16 (full 0):
 garbage-first heap   total reserved 878592K, committed 97280K, used 78725K [0x00000000ca600000, 0x0000000100000000)
  region size 1024K, 33 young (33792K), 2 survivors (2048K)
 Metaspace       used 30478K, committed 30912K, reserved 1114112K
  class space    used 3004K, committed 3200K, reserved 1048576K
}
Event: 9.644 GC heap after
{Heap after GC invocations=17 (full 0):
 garbage-first heap   total reserved 878592K, committed 97280K, used 50109K [0x00000000ca600000, 0x0000000100000000)
  region size 1024K, 4 young (4096K), 4 survivors (4096K)
 Metaspace       used 30478K, committed 30912K, reserved 1114112K
  class space    used 3004K, committed 3200K, reserved 1048576K
}

